mode: atomic
github.com/commit0-dev/commit0/internal/infra/retry/retry.go:14.77,15.22 1 7
github.com/commit0-dev/commit0/internal/infra/retry/retry.go:15.22,17.3 1 1
github.com/commit0-dev/commit0/internal/infra/retry/retry.go:19.2,20.53 2 7
github.com/commit0-dev/commit0/internal/infra/retry/retry.go:20.53,22.35 1 10
github.com/commit0-dev/commit0/internal/infra/retry/retry.go:22.35,24.4 1 1
github.com/commit0-dev/commit0/internal/infra/retry/retry.go:27.3,28.17 2 9
github.com/commit0-dev/commit0/internal/infra/retry/retry.go:28.17,30.4 1 3
github.com/commit0-dev/commit0/internal/infra/retry/retry.go:32.3,35.24 2 6
github.com/commit0-dev/commit0/internal/infra/retry/retry.go:35.24,37.4 1 1
github.com/commit0-dev/commit0/internal/infra/retry/retry.go:40.3,40.31 1 5
github.com/commit0-dev/commit0/internal/infra/retry/retry.go:40.31,41.9 1 1
github.com/commit0-dev/commit0/internal/infra/retry/retry.go:45.3,50.10 4 4
github.com/commit0-dev/commit0/internal/infra/retry/retry.go:51.33,51.33 0 3
github.com/commit0-dev/commit0/internal/infra/retry/retry.go:53.21,54.70 1 1
github.com/commit0-dev/commit0/internal/infra/retry/retry.go:58.2,58.73 1 1
github.com/commit0-dev/commit0/internal/infra/retry/retry.go:62.34,63.16 1 11
github.com/commit0-dev/commit0/internal/infra/retry/retry.go:63.16,65.3 1 1
github.com/commit0-dev/commit0/internal/infra/retry/retry.go:68.2,69.32 2 10
github.com/commit0-dev/commit0/internal/infra/retry/retry.go:69.32,71.3 1 9
github.com/commit0-dev/commit0/internal/infra/retry/retry.go:73.2,73.14 1 1
github.com/commit0-dev/commit0/internal/domain/errors.go:24.38,26.2 1 1
github.com/commit0-dev/commit0/internal/domain/errors.go:29.38,31.2 1 3
github.com/commit0-dev/commit0/internal/domain/errors.go:34.40,36.2 1 1
github.com/commit0-dev/commit0/internal/domain/errors.go:39.41,41.2 1 1
github.com/commit0-dev/commit0/internal/domain/errors.go:44.52,46.2 1 1
github.com/commit0-dev/commit0/internal/domain/errors.go:49.40,51.2 1 1
github.com/commit0-dev/commit0/internal/domain/errors.go:54.42,56.2 1 1
github.com/commit0-dev/commit0/internal/config/config.go:53.30,84.29 2 6
github.com/commit0-dev/commit0/internal/config/config.go:84.29,86.3 1 1
github.com/commit0-dev/commit0/internal/config/config.go:88.2,88.17 1 5
github.com/commit0-dev/commit0/internal/config/config.go:92.44,93.38 1 48
github.com/commit0-dev/commit0/internal/config/config.go:93.38,95.3 1 6
github.com/commit0-dev/commit0/internal/config/config.go:96.2,96.19 1 42
github.com/commit0-dev/commit0/internal/config/config.go:100.48,101.38 1 54
github.com/commit0-dev/commit0/internal/config/config.go:101.38,102.51 1 3
github.com/commit0-dev/commit0/internal/config/config.go:102.51,104.4 1 2
github.com/commit0-dev/commit0/internal/config/config.go:106.2,106.19 1 52
github.com/commit0-dev/commit0/internal/config/config.go:110.58,111.38 1 6
github.com/commit0-dev/commit0/internal/config/config.go:111.38,112.63 1 2
github.com/commit0-dev/commit0/internal/config/config.go:112.63,114.4 1 1
github.com/commit0-dev/commit0/internal/config/config.go:116.2,116.19 1 5
github.com/commit0-dev/commit0/internal/app/blast_service.go:35.17,42.2 1 4
github.com/commit0-dev/commit0/internal/app/blast_service.go:45.98,49.22 2 4
github.com/commit0-dev/commit0/internal/app/blast_service.go:49.22,51.3 1 1
github.com/commit0-dev/commit0/internal/app/blast_service.go:52.2,52.24 1 3
github.com/commit0-dev/commit0/internal/app/blast_service.go:52.24,54.3 1 0
github.com/commit0-dev/commit0/internal/app/blast_service.go:56.2,56.23 1 3
github.com/commit0-dev/commit0/internal/app/blast_service.go:56.23,58.3 1 3
github.com/commit0-dev/commit0/internal/app/blast_service.go:61.2,62.16 2 3
github.com/commit0-dev/commit0/internal/app/blast_service.go:62.16,64.3 1 1
github.com/commit0-dev/commit0/internal/app/blast_service.go:67.2,69.16 3 2
github.com/commit0-dev/commit0/internal/app/blast_service.go:69.16,71.3 1 0
github.com/commit0-dev/commit0/internal/app/blast_service.go:74.2,79.25 4 2
github.com/commit0-dev/commit0/internal/app/blast_service.go:79.25,88.59 2 0
github.com/commit0-dev/commit0/internal/app/blast_service.go:88.59,94.4 1 0
github.com/commit0-dev/commit0/internal/app/blast_service.go:96.3,101.17 2 0
github.com/commit0-dev/commit0/internal/app/blast_service.go:101.17,103.4 1 0
github.com/commit0-dev/commit0/internal/app/blast_service.go:103.9,103.27 1 0
github.com/commit0-dev/commit0/internal/app/blast_service.go:103.27,105.30 2 0
github.com/commit0-dev/commit0/internal/app/blast_service.go:105.30,106.27 1 0
github.com/commit0-dev/commit0/internal/app/blast_service.go:106.27,108.11 2 0
github.com/commit0-dev/commit0/internal/app/blast_service.go:110.5,111.19 2 0
github.com/commit0-dev/commit0/internal/app/blast_service.go:111.19,112.11 1 0
github.com/commit0-dev/commit0/internal/app/blast_service.go:115.4,115.29 1 0
github.com/commit0-dev/commit0/internal/app/blast_service.go:119.2,127.8 1 2
github.com/commit0-dev/commit0/internal/app/blast_service.go:131.78,133.29 2 2
github.com/commit0-dev/commit0/internal/app/blast_service.go:133.29,134.42 1 5
github.com/commit0-dev/commit0/internal/app/blast_service.go:134.42,135.38 1 1
github.com/commit0-dev/commit0/internal/app/blast_service.go:135.38,137.5 1 1
github.com/commit0-dev/commit0/internal/app/blast_service.go:138.9,140.4 1 4
github.com/commit0-dev/commit0/internal/app/blast_service.go:143.2,144.25 2 2
github.com/commit0-dev/commit0/internal/app/blast_service.go:144.25,146.3 1 4
github.com/commit0-dev/commit0/internal/app/blast_service.go:147.2,147.15 1 2
github.com/commit0-dev/commit0/internal/app/blast_service.go:151.60,152.43 1 2
github.com/commit0-dev/commit0/internal/app/blast_service.go:152.43,153.51 1 2
github.com/commit0-dev/commit0/internal/app/blast_service.go:153.51,155.4 1 2
github.com/commit0-dev/commit0/internal/app/blast_service.go:156.3,156.65 1 0
github.com/commit0-dev/commit0/internal/app/blast_service.go:161.27,162.11 1 0
github.com/commit0-dev/commit0/internal/app/blast_service.go:162.11,164.3 1 0
github.com/commit0-dev/commit0/internal/app/blast_service.go:165.2,165.10 1 0
github.com/commit0-dev/commit0/internal/app/context_builder.go:17.58,18.23 1 13
github.com/commit0-dev/commit0/internal/app/context_builder.go:18.23,20.3 1 0
github.com/commit0-dev/commit0/internal/app/context_builder.go:21.2,21.52 1 13
github.com/commit0-dev/commit0/internal/app/context_builder.go:25.64,26.17 1 7
github.com/commit0-dev/commit0/internal/app/context_builder.go:26.17,28.3 1 1
github.com/commit0-dev/commit0/internal/app/context_builder.go:30.2,32.19 2 6
github.com/commit0-dev/commit0/internal/app/context_builder.go:33.26,36.27 3 3
github.com/commit0-dev/commit0/internal/app/context_builder.go:36.27,38.4 1 1
github.com/commit0-dev/commit0/internal/app/context_builder.go:39.3,39.27 1 3
github.com/commit0-dev/commit0/internal/app/context_builder.go:39.27,41.4 1 1
github.com/commit0-dev/commit0/internal/app/context_builder.go:42.3,43.58 2 3
github.com/commit0-dev/commit0/internal/app/context_builder.go:45.23,48.27 3 1
github.com/commit0-dev/commit0/internal/app/context_builder.go:48.27,50.4 1 1
github.com/commit0-dev/commit0/internal/app/context_builder.go:51.3,54.39 3 1
github.com/commit0-dev/commit0/internal/app/context_builder.go:54.39,56.4 1 1
github.com/commit0-dev/commit0/internal/app/context_builder.go:57.3,57.57 1 1
github.com/commit0-dev/commit0/internal/app/context_builder.go:59.22,65.38 5 1
github.com/commit0-dev/commit0/internal/app/context_builder.go:65.38,67.4 1 1
github.com/commit0-dev/commit0/internal/app/context_builder.go:68.3,68.56 1 1
github.com/commit0-dev/commit0/internal/app/context_builder.go:70.24,73.22 3 1
github.com/commit0-dev/commit0/internal/app/context_builder.go:73.22,76.4 2 1
github.com/commit0-dev/commit0/internal/app/context_builder.go:78.10,81.58 2 0
github.com/commit0-dev/commit0/internal/app/context_builder.go:84.2,84.20 1 6
github.com/commit0-dev/commit0/internal/app/context_builder.go:88.60,90.2 1 1
github.com/commit0-dev/commit0/internal/app/context_builder.go:93.67,94.19 1 8
github.com/commit0-dev/commit0/internal/app/context_builder.go:94.19,96.3 1 0
github.com/commit0-dev/commit0/internal/app/context_builder.go:98.2,98.43 1 8
github.com/commit0-dev/commit0/internal/app/context_builder.go:98.43,100.3 1 6
github.com/commit0-dev/commit0/internal/app/context_builder.go:102.2,103.19 2 2
github.com/commit0-dev/commit0/internal/app/context_builder.go:103.19,104.24 1 17
github.com/commit0-dev/commit0/internal/app/context_builder.go:104.24,106.4 1 2
github.com/commit0-dev/commit0/internal/app/context_builder.go:107.3,107.10 1 15
github.com/commit0-dev/commit0/internal/app/context_builder.go:109.2,109.10 1 0
github.com/commit0-dev/commit0/internal/app/embed_batcher.go:24.77,25.20 1 10
github.com/commit0-dev/commit0/internal/app/embed_batcher.go:25.20,27.3 1 3
github.com/commit0-dev/commit0/internal/app/embed_batcher.go:28.2,33.3 1 10
github.com/commit0-dev/commit0/internal/app/embed_batcher.go:37.89,42.29 3 11
github.com/commit0-dev/commit0/internal/app/embed_batcher.go:42.29,45.3 2 10
github.com/commit0-dev/commit0/internal/app/embed_batcher.go:48.2,48.32 1 11
github.com/commit0-dev/commit0/internal/app/embed_batcher.go:48.32,50.3 1 1
github.com/commit0-dev/commit0/internal/app/embed_batcher.go:53.2,59.37 3 10
github.com/commit0-dev/commit0/internal/app/embed_batcher.go:59.37,62.3 2 2
github.com/commit0-dev/commit0/internal/app/embed_batcher.go:64.2,64.18 1 8
github.com/commit0-dev/commit0/internal/app/embed_batcher.go:68.82,73.2 3 6
github.com/commit0-dev/commit0/internal/app/embed_batcher.go:76.88,77.26 1 8
github.com/commit0-dev/commit0/internal/app/embed_batcher.go:77.26,79.3 1 2
github.com/commit0-dev/commit0/internal/app/embed_batcher.go:81.2,87.21 4 6
github.com/commit0-dev/commit0/internal/app/embed_batcher.go:91.129,93.29 1 1
github.com/commit0-dev/commit0/internal/app/embed_batcher.go:93.29,104.17 5 1
github.com/commit0-dev/commit0/internal/app/embed_batcher.go:104.17,106.4 1 0
github.com/commit0-dev/commit0/internal/app/embed_batcher.go:110.2,111.16 2 1
github.com/commit0-dev/commit0/internal/app/embed_batcher.go:111.16,113.3 1 0
github.com/commit0-dev/commit0/internal/app/embed_batcher.go:116.2,117.28 2 1
github.com/commit0-dev/commit0/internal/app/embed_batcher.go:117.28,119.3 1 0
github.com/commit0-dev/commit0/internal/app/embed_batcher.go:121.2,121.23 1 1
github.com/commit0-dev/commit0/internal/app/embed_batcher.go:121.23,122.55 1 1
github.com/commit0-dev/commit0/internal/app/embed_batcher.go:122.55,124.4 1 0
github.com/commit0-dev/commit0/internal/app/embed_batcher.go:127.2,127.19 1 1
github.com/commit0-dev/commit0/internal/app/fusion.go:18.37,20.2 1 5
github.com/commit0-dev/commit0/internal/app/fusion.go:23.111,24.13 1 11
github.com/commit0-dev/commit0/internal/app/fusion.go:24.13,26.3 1 0
github.com/commit0-dev/commit0/internal/app/fusion.go:29.2,33.33 3 11
github.com/commit0-dev/commit0/internal/app/fusion.go:33.33,37.48 3 11
github.com/commit0-dev/commit0/internal/app/fusion.go:37.48,39.4 1 11
github.com/commit0-dev/commit0/internal/app/fusion.go:43.2,43.30 1 11
github.com/commit0-dev/commit0/internal/app/fusion.go:43.30,47.48 3 7
github.com/commit0-dev/commit0/internal/app/fusion.go:47.48,49.4 1 5
github.com/commit0-dev/commit0/internal/app/fusion.go:54.2,54.30 1 11
github.com/commit0-dev/commit0/internal/app/fusion.go:54.30,58.3 3 16
github.com/commit0-dev/commit0/internal/app/fusion.go:61.2,62.30 2 11
github.com/commit0-dev/commit0/internal/app/fusion.go:62.30,65.3 2 16
github.com/commit0-dev/commit0/internal/app/fusion.go:68.2,68.41 1 11
github.com/commit0-dev/commit0/internal/app/fusion.go:68.41,69.51 1 7
github.com/commit0-dev/commit0/internal/app/fusion.go:69.51,71.4 1 3
github.com/commit0-dev/commit0/internal/app/fusion.go:73.3,73.47 1 4
github.com/commit0-dev/commit0/internal/app/fusion.go:76.2,76.15 1 11
github.com/commit0-dev/commit0/internal/app/index_service.go:52.17,62.2 1 4
github.com/commit0-dev/commit0/internal/app/index_service.go:65.92,77.21 6 4
github.com/commit0-dev/commit0/internal/app/index_service.go:77.21,79.3 1 4
github.com/commit0-dev/commit0/internal/app/index_service.go:80.2,84.12 4 4
github.com/commit0-dev/commit0/internal/app/index_service.go:84.12,86.28 2 4
github.com/commit0-dev/commit0/internal/app/index_service.go:86.28,88.31 2 2
github.com/commit0-dev/commit0/internal/app/index_service.go:88.31,90.19 2 2
github.com/commit0-dev/commit0/internal/app/index_service.go:90.19,94.6 3 1
github.com/commit0-dev/commit0/internal/app/index_service.go:96.5,100.12 4 1
github.com/commit0-dev/commit0/internal/app/index_service.go:101.29,101.29 0 1
github.com/commit0-dev/commit0/internal/app/index_service.go:102.28,103.27 1 0
github.com/commit0-dev/commit0/internal/app/index_service.go:105.5,105.15 1 1
github.com/commit0-dev/commit0/internal/app/index_service.go:108.3,108.20 1 4
github.com/commit0-dev/commit0/internal/app/index_service.go:112.2,116.12 4 4
github.com/commit0-dev/commit0/internal/app/index_service.go:116.12,119.32 3 4
github.com/commit0-dev/commit0/internal/app/index_service.go:119.32,121.31 2 1
github.com/commit0-dev/commit0/internal/app/index_service.go:121.31,123.19 2 1
github.com/commit0-dev/commit0/internal/app/index_service.go:123.19,127.6 3 0
github.com/commit0-dev/commit0/internal/app/index_service.go:129.5,129.12 1 1
github.com/commit0-dev/commit0/internal/app/index_service.go:130.70,130.70 0 1
github.com/commit0-dev/commit0/internal/app/index_service.go:131.28,132.27 1 0
github.com/commit0-dev/commit0/internal/app/index_service.go:134.5,134.15 1 1
github.com/commit0-dev/commit0/internal/app/index_service.go:137.3,137.20 1 4
github.com/commit0-dev/commit0/internal/app/index_service.go:141.2,144.32 3 4
github.com/commit0-dev/commit0/internal/app/index_service.go:144.32,146.30 2 1
github.com/commit0-dev/commit0/internal/app/index_service.go:146.30,148.18 2 1
github.com/commit0-dev/commit0/internal/app/index_service.go:148.18,152.5 3 0
github.com/commit0-dev/commit0/internal/app/index_service.go:153.4,153.14 1 1
github.com/commit0-dev/commit0/internal/app/index_service.go:157.2,157.42 1 4
github.com/commit0-dev/commit0/internal/app/index_service.go:157.42,159.3 1 0
github.com/commit0-dev/commit0/internal/app/index_service.go:162.2,162.36 1 4
github.com/commit0-dev/commit0/internal/app/index_service.go:162.36,164.3 1 1
github.com/commit0-dev/commit0/internal/app/index_service.go:166.2,173.8 1 3
github.com/commit0-dev/commit0/internal/app/index_service.go:185.43,189.2 3 1
github.com/commit0-dev/commit0/internal/app/index_service.go:191.43,195.2 3 1
github.com/commit0-dev/commit0/internal/app/index_service.go:197.43,201.2 3 1
github.com/commit0-dev/commit0/internal/app/index_service.go:203.31,207.2 3 1
github.com/commit0-dev/commit0/internal/app/query_service.go:44.17,54.2 1 5
github.com/commit0-dev/commit0/internal/app/query_service.go:57.98,61.24 2 5
github.com/commit0-dev/commit0/internal/app/query_service.go:61.24,63.3 1 1
github.com/commit0-dev/commit0/internal/app/query_service.go:66.2,66.19 1 4
github.com/commit0-dev/commit0/internal/app/query_service.go:66.19,68.3 1 4
github.com/commit0-dev/commit0/internal/app/query_service.go:69.2,69.23 1 4
github.com/commit0-dev/commit0/internal/app/query_service.go:69.23,71.3 1 4
github.com/commit0-dev/commit0/internal/app/query_service.go:74.2,76.16 3 4
github.com/commit0-dev/commit0/internal/app/query_service.go:76.16,78.3 1 1
github.com/commit0-dev/commit0/internal/app/query_service.go:79.2,88.20 5 3
github.com/commit0-dev/commit0/internal/app/query_service.go:88.20,95.17 2 3
github.com/commit0-dev/commit0/internal/app/query_service.go:95.17,97.4 1 1
github.com/commit0-dev/commit0/internal/app/query_service.go:98.3,99.13 2 2
github.com/commit0-dev/commit0/internal/app/query_service.go:103.2,103.20 1 3
github.com/commit0-dev/commit0/internal/app/query_service.go:103.20,109.17 2 3
github.com/commit0-dev/commit0/internal/app/query_service.go:109.17,111.4 1 0
github.com/commit0-dev/commit0/internal/app/query_service.go:112.3,113.13 2 3
github.com/commit0-dev/commit0/internal/app/query_service.go:116.2,116.33 1 3
github.com/commit0-dev/commit0/internal/app/query_service.go:116.33,118.3 1 1
github.com/commit0-dev/commit0/internal/app/query_service.go:119.2,123.27 3 2
github.com/commit0-dev/commit0/internal/app/query_service.go:123.27,125.3 1 0
github.com/commit0-dev/commit0/internal/app/query_service.go:128.2,129.31 2 2
github.com/commit0-dev/commit0/internal/app/query_service.go:129.31,136.3 1 1
github.com/commit0-dev/commit0/internal/app/query_service.go:139.2,141.25 3 2
github.com/commit0-dev/commit0/internal/app/query_service.go:141.25,147.17 2 0
github.com/commit0-dev/commit0/internal/app/query_service.go:147.17,149.4 1 0
github.com/commit0-dev/commit0/internal/app/query_service.go:149.9,149.27 1 0
github.com/commit0-dev/commit0/internal/app/query_service.go:149.27,151.30 2 0
github.com/commit0-dev/commit0/internal/app/query_service.go:151.30,152.27 1 0
github.com/commit0-dev/commit0/internal/app/query_service.go:152.27,154.11 2 0
github.com/commit0-dev/commit0/internal/app/query_service.go:156.5,157.19 2 0
github.com/commit0-dev/commit0/internal/app/query_service.go:157.19,158.11 1 0
github.com/commit0-dev/commit0/internal/app/query_service.go:161.4,161.29 1 0
github.com/commit0-dev/commit0/internal/app/query_service.go:164.2,177.8 2 2
github.com/commit0-dev/commit0/internal/app/repo_service.go:19.59,21.2 1 9
github.com/commit0-dev/commit0/internal/app/repo_service.go:32.100,34.20 1 4
github.com/commit0-dev/commit0/internal/app/repo_service.go:34.20,36.3 1 1
github.com/commit0-dev/commit0/internal/app/repo_service.go:37.2,37.20 1 3
github.com/commit0-dev/commit0/internal/app/repo_service.go:37.20,39.3 1 1
github.com/commit0-dev/commit0/internal/app/repo_service.go:42.2,43.35 2 2
github.com/commit0-dev/commit0/internal/app/repo_service.go:43.35,45.3 1 1
github.com/commit0-dev/commit0/internal/app/repo_service.go:48.2,58.55 2 1
github.com/commit0-dev/commit0/internal/app/repo_service.go:58.55,60.3 1 0
github.com/commit0-dev/commit0/internal/app/repo_service.go:62.2,62.18 1 1
github.com/commit0-dev/commit0/internal/app/repo_service.go:66.87,68.16 2 4
github.com/commit0-dev/commit0/internal/app/repo_service.go:68.16,70.73 2 2
github.com/commit0-dev/commit0/internal/app/repo_service.go:70.73,72.4 1 2
github.com/commit0-dev/commit0/internal/app/repo_service.go:73.3,73.46 1 0
github.com/commit0-dev/commit0/internal/app/repo_service.go:75.2,75.18 1 2
github.com/commit0-dev/commit0/internal/app/repo_service.go:79.77,81.16 2 1
github.com/commit0-dev/commit0/internal/app/repo_service.go:81.16,83.3 1 0
github.com/commit0-dev/commit0/internal/app/repo_service.go:84.2,84.19 1 1
github.com/commit0-dev/commit0/internal/app/repo_service.go:88.90,91.16 2 2
github.com/commit0-dev/commit0/internal/app/repo_service.go:91.16,93.3 1 1
github.com/commit0-dev/commit0/internal/app/repo_service.go:96.2,96.62 1 1
github.com/commit0-dev/commit0/internal/app/repo_service.go:96.62,98.3 1 0
github.com/commit0-dev/commit0/internal/app/repo_service.go:100.2,100.18 1 1
github.com/commit0-dev/commit0/internal/app/repo_service.go:112.100,115.16 2 0
github.com/commit0-dev/commit0/internal/app/repo_service.go:115.16,117.3 1 0
github.com/commit0-dev/commit0/internal/app/repo_service.go:120.2,120.28 1 0
github.com/commit0-dev/commit0/internal/app/repo_service.go:120.28,122.3 1 0
github.com/commit0-dev/commit0/internal/app/repo_service.go:123.2,123.26 1 0
github.com/commit0-dev/commit0/internal/app/repo_service.go:123.26,125.3 1 0
github.com/commit0-dev/commit0/internal/app/repo_service.go:128.2,128.55 1 0
github.com/commit0-dev/commit0/internal/app/repo_service.go:128.55,130.3 1 0
github.com/commit0-dev/commit0/internal/app/repo_service.go:132.2,132.18 1 0
github.com/commit0-dev/commit0/internal/app/session_service.go:37.42,42.2 1 8
github.com/commit0-dev/commit0/internal/app/session_service.go:45.97,63.2 8 8
github.com/commit0-dev/commit0/internal/app/session_service.go:66.113,68.43 1 4
github.com/commit0-dev/commit0/internal/app/session_service.go:68.43,70.3 1 1
github.com/commit0-dev/commit0/internal/app/session_service.go:72.2,76.13 4 3
github.com/commit0-dev/commit0/internal/app/session_service.go:76.13,78.3 1 1
github.com/commit0-dev/commit0/internal/app/session_service.go:81.2,90.21 3 2
github.com/commit0-dev/commit0/internal/app/session_service.go:94.95,99.13 4 2
github.com/commit0-dev/commit0/internal/app/session_service.go:99.13,101.3 1 1
github.com/commit0-dev/commit0/internal/app/session_service.go:104.2,110.8 1 1
github.com/commit0-dev/commit0/internal/app/session_service.go:114.97,119.38 4 2
github.com/commit0-dev/commit0/internal/app/session_service.go:119.38,121.53 1 6
github.com/commit0-dev/commit0/internal/app/session_service.go:121.53,122.12 1 1
github.com/commit0-dev/commit0/internal/app/session_service.go:125.3,131.5 1 5
github.com/commit0-dev/commit0/internal/app/session_service.go:135.2,135.41 1 2
github.com/commit0-dev/commit0/internal/app/session_service.go:135.41,137.3 1 4
github.com/commit0-dev/commit0/internal/app/session_service.go:139.2,139.20 1 2
github.com/commit0-dev/commit0/internal/app/session_service.go:143.86,147.50 3 2
github.com/commit0-dev/commit0/internal/app/session_service.go:147.50,149.3 1 1
github.com/commit0-dev/commit0/internal/app/session_service.go:151.2,152.12 2 1
github.com/commit0-dev/commit0/internal/app/session_service.go:156.26,158.2 1 12
github.com/commit0-dev/commit0/internal/app/trace_service.go:39.17,48.2 1 4
github.com/commit0-dev/commit0/internal/app/trace_service.go:51.98,55.22 2 4
github.com/commit0-dev/commit0/internal/app/trace_service.go:55.22,57.3 1 1
github.com/commit0-dev/commit0/internal/app/trace_service.go:58.2,58.24 1 3
github.com/commit0-dev/commit0/internal/app/trace_service.go:58.24,60.3 1 0
github.com/commit0-dev/commit0/internal/app/trace_service.go:62.2,62.62 1 3
github.com/commit0-dev/commit0/internal/app/trace_service.go:62.62,64.3 1 1
github.com/commit0-dev/commit0/internal/app/trace_service.go:66.2,66.20 1 2
github.com/commit0-dev/commit0/internal/app/trace_service.go:66.20,68.3 1 2
github.com/commit0-dev/commit0/internal/app/trace_service.go:71.2,72.16 2 2
github.com/commit0-dev/commit0/internal/app/trace_service.go:72.16,74.3 1 1
github.com/commit0-dev/commit0/internal/app/trace_service.go:77.2,78.32 2 1
github.com/commit0-dev/commit0/internal/app/trace_service.go:78.32,80.3 1 1
github.com/commit0-dev/commit0/internal/app/trace_service.go:80.8,82.3 1 0
github.com/commit0-dev/commit0/internal/app/trace_service.go:83.2,83.16 1 1
github.com/commit0-dev/commit0/internal/app/trace_service.go:83.16,85.3 1 0
github.com/commit0-dev/commit0/internal/app/trace_service.go:88.2,90.25 3 1
github.com/commit0-dev/commit0/internal/app/trace_service.go:90.25,100.17 4 0
github.com/commit0-dev/commit0/internal/app/trace_service.go:100.17,102.4 1 0
github.com/commit0-dev/commit0/internal/app/trace_service.go:102.9,102.27 1 0
github.com/commit0-dev/commit0/internal/app/trace_service.go:102.27,104.30 2 0
github.com/commit0-dev/commit0/internal/app/trace_service.go:104.30,105.27 1 0
github.com/commit0-dev/commit0/internal/app/trace_service.go:105.27,107.11 2 0
github.com/commit0-dev/commit0/internal/app/trace_service.go:109.5,110.19 2 0
github.com/commit0-dev/commit0/internal/app/trace_service.go:110.19,111.11 1 0
github.com/commit0-dev/commit0/internal/app/trace_service.go:114.4,114.29 1 0
github.com/commit0-dev/commit0/internal/app/trace_service.go:118.2,127.8 1 1
github.com/commit0-dev/commit0/internal/app/trace_service.go:131.106,134.31 2 2
github.com/commit0-dev/commit0/internal/app/trace_service.go:134.31,136.3 1 1
github.com/commit0-dev/commit0/internal/app/trace_service.go:139.2,139.47 1 1
github.com/commit0-dev/commit0/internal/app/trace_service.go:139.47,141.17 2 0
github.com/commit0-dev/commit0/internal/app/trace_service.go:141.17,143.4 1 0
github.com/commit0-dev/commit0/internal/app/trace_service.go:145.3,150.17 2 0
github.com/commit0-dev/commit0/internal/app/trace_service.go:150.17,152.4 1 0
github.com/commit0-dev/commit0/internal/app/trace_service.go:154.3,154.23 1 0
github.com/commit0-dev/commit0/internal/app/trace_service.go:154.23,156.4 1 0
github.com/commit0-dev/commit0/internal/app/trace_service.go:159.2,159.73 1 1
github.com/commit0-dev/commit0/internal/app/trace_service.go:163.99,164.27 1 0
github.com/commit0-dev/commit0/internal/app/trace_service.go:164.27,170.28 2 0
github.com/commit0-dev/commit0/internal/app/trace_service.go:170.28,172.4 1 0
